<?xml version="1.0"?>
<source xmlns="http://xml.phpdox.net/token">
  <file xmlns="http://xml.phpdox.net/src" path="D:/projects/php/yii2/wallet-yii2/frontend/config" file="test-local.php" realpath="D:/projects/php/yii2/wallet-yii2/frontend/config/test-local.php" size="232" time="2021-03-10T11:00:11+00:00" unixtime="1615374011" sha1="57f9b1d4dfcda8818b370ee14f72fd2a6ed9722c" relative="config/test-local.php"/>
  <line no="1">
    <token name="T_OPEN_TAG">&lt;?php</token>
  </line>
  <line no="2">
    <token name="T_RETURN">return</token>
    <token name="T_WHITESPACE"> </token>
    <token name="T_STRING">yii</token>
    <token name="T_NS_SEPARATOR">\</token>
    <token name="T_STRING">helpers</token>
    <token name="T_NS_SEPARATOR">\</token>
    <token name="T_STRING">ArrayHelper</token>
    <token name="T_DOUBLE_COLON">::</token>
    <token name="T_STRING">merge</token>
    <token name="T_PHPDOX_OPEN_BRACKET">(</token>
  </line>
  <line no="3">
    <token name="T_WHITESPACE">    </token>
    <token name="T_REQUIRE">require</token>
    <token name="T_WHITESPACE"> </token>
    <token name="T_DIR">__DIR__</token>
    <token name="T_WHITESPACE"> </token>
    <token name="T_PHPDOX_DOT">.</token>
    <token name="T_WHITESPACE"> </token>
    <token name="T_CONSTANT_ENCAPSED_STRING">'/../../common/config/test-local.php'</token>
    <token name="T_PHPDOX_COMMA">,</token>
  </line>
  <line no="4">
    <token name="T_WHITESPACE">    </token>
    <token name="T_REQUIRE">require</token>
    <token name="T_WHITESPACE"> </token>
    <token name="T_DIR">__DIR__</token>
    <token name="T_WHITESPACE"> </token>
    <token name="T_PHPDOX_DOT">.</token>
    <token name="T_WHITESPACE"> </token>
    <token name="T_CONSTANT_ENCAPSED_STRING">'/main.php'</token>
    <token name="T_PHPDOX_COMMA">,</token>
  </line>
  <line no="5">
    <token name="T_WHITESPACE">    </token>
    <token name="T_REQUIRE">require</token>
    <token name="T_WHITESPACE"> </token>
    <token name="T_DIR">__DIR__</token>
    <token name="T_WHITESPACE"> </token>
    <token name="T_PHPDOX_DOT">.</token>
    <token name="T_WHITESPACE"> </token>
    <token name="T_CONSTANT_ENCAPSED_STRING">'/main-local.php'</token>
    <token name="T_PHPDOX_COMMA">,</token>
  </line>
  <line no="6">
    <token name="T_WHITESPACE">    </token>
    <token name="T_REQUIRE">require</token>
    <token name="T_WHITESPACE"> </token>
    <token name="T_DIR">__DIR__</token>
    <token name="T_WHITESPACE"> </token>
    <token name="T_PHPDOX_DOT">.</token>
    <token name="T_WHITESPACE"> </token>
    <token name="T_CONSTANT_ENCAPSED_STRING">'/test.php'</token>
    <token name="T_PHPDOX_COMMA">,</token>
  </line>
  <line no="7">
    <token name="T_WHITESPACE">    </token>
    <token name="T_PHPDOX_OPEN_SQUARE">[</token>
  </line>
  <line no="8">
    <token name="T_WHITESPACE">    </token>
    <token name="T_PHPDOX_CLOSE_SQUARE">]</token>
  </line>
  <line no="9">
    <token name="T_PHPDOX_CLOSE_BRACKET">)</token>
    <token name="T_PHPDOX_SEMICOLON">;</token>
  </line>
  <line no="10"/>
</source>
